c:\users\dolmu_000\source\repos\maple\maple\debug\vc141.pdb
c:\users\dolmu_000\source\repos\maple\maple\debug\vc141.idb
c:\users\dolmu_000\source\repos\maple\maple\debug\canimation.obj
c:\users\dolmu_000\source\repos\maple\maple\debug\ccollider.obj
c:\users\dolmu_000\source\repos\maple\maple\debug\cref.obj
c:\users\dolmu_000\source\repos\maple\maple\debug\ccore.obj
c:\users\dolmu_000\source\repos\maple\maple\debug\cinput.obj
c:\users\dolmu_000\source\repos\maple\maple\debug\cscenemanager.obj
c:\users\dolmu_000\source\repos\maple\maple\debug\ctimer.obj
c:\users\dolmu_000\source\repos\maple\maple\debug\clayer.obj
c:\users\dolmu_000\source\repos\maple\maple\debug\cmoveobj.obj
c:\users\dolmu_000\source\repos\maple\maple\debug\cstaticobj.obj
c:\users\dolmu_000\source\repos\maple\maple\debug\cingamescene.obj
c:\users\dolmu_000\source\repos\maple\maple\debug\cscene.obj
c:\users\dolmu_000\source\repos\maple\maple\debug\ctexture.obj
c:\users\dolmu_000\source\repos\maple\maple\debug\cui.obj
c:\users\dolmu_000\source\repos\maple\maple\debug\cuibutton.obj
c:\users\dolmu_000\source\repos\maple\maple\debug\main.obj
c:\users\dolmu_000\source\repos\maple\maple\debug\cstartscene.obj
c:\users\dolmu_000\source\repos\maple\maple\debug\math.obj
c:\users\dolmu_000\source\repos\maple\maple\debug\ccreatemanager.obj
c:\users\dolmu_000\source\repos\maple\maple\debug\cobj.obj
c:\users\dolmu_000\source\repos\maple\maple\debug\ccollisionmanager.obj
c:\users\dolmu_000\source\repos\maple\maple\debug\cmouse.obj
c:\users\dolmu_000\source\repos\maple\debug\maple.exe
c:\users\dolmu_000\source\repos\maple\debug\maple.ilk
c:\users\dolmu_000\source\repos\maple\debug\maple.pdb
c:\users\dolmu_000\source\repos\maple\maple\debug\maple.res
c:\users\dolmu_000\source\repos\maple\maple\debug\maple.tlog\cl.command.1.tlog
c:\users\dolmu_000\source\repos\maple\maple\debug\maple.tlog\cl.read.1.tlog
c:\users\dolmu_000\source\repos\maple\maple\debug\maple.tlog\cl.write.1.tlog
c:\users\dolmu_000\source\repos\maple\maple\debug\maple.tlog\link.command.1.tlog
c:\users\dolmu_000\source\repos\maple\maple\debug\maple.tlog\link.read.1.tlog
c:\users\dolmu_000\source\repos\maple\maple\debug\maple.tlog\link.write.1.tlog
c:\users\dolmu_000\source\repos\maple\maple\debug\maple.tlog\rc.command.1.tlog
c:\users\dolmu_000\source\repos\maple\maple\debug\maple.tlog\rc.read.1.tlog
c:\users\dolmu_000\source\repos\maple\maple\debug\maple.tlog\rc.write.1.tlog
